#
# There is insufficient memory for the Java Runtime Environment to continue.
# Native memory allocation (malloc) failed to allocate 98400 bytes. Error detail: Chunk::new
# Possible reasons:
#   The system is out of physical RAM or swap space
#   This process is running with CompressedOops enabled, and the Java Heap may be blocking the growth of the native heap
# Possible solutions:
#   Reduce memory load on the system
#   Increase physical memory or swap space
#   Check if swap backing store is full
#   Decrease Java heap size (-Xmx/-Xms)
#   Decrease number of Java threads
#   Decrease Java thread stack sizes (-Xss)
#   Set larger code cache with -XX:ReservedCodeCacheSize=
#   JVM is running with Unscaled Compressed Oops mode in which the Java heap is
#     placed in the first 4GB address space. The Java Heap base address is the
#     maximum limit for the native heap growth. Please use -XX:HeapBaseMinAddress
#     to set the Java Heap base and to place the Java Heap above 4GB virtual address.
# This output file may be truncated or incomplete.
#
#  Out of Memory Error (arena.cpp:150), pid=13864, tid=1388
#
# JRE version: Java(TM) SE Runtime Environment (22.0.1+8) (build 22.0.1+8-16)
# Java VM: Java HotSpot(TM) 64-Bit Server VM (22.0.1+8-16, mixed mode, sharing, tiered, compressed oops, compressed class ptrs, g1 gc, windows-amd64)
# No core dump will be written. Minidumps are not enabled by default on client versions of Windows
#

---------------  S U M M A R Y ------------

Command Line: -ea -Didea.test.cyclic.buffer.size=1048576 -javaagent:C:\Program Files\JetBrains\IntelliJ IDEA Community Edition 2024.1.2\lib\idea_rt.jar=56510:C:\Program Files\JetBrains\IntelliJ IDEA Community Edition 2024.1.2\bin -Dfile.encoding=UTF-8 -Dsun.stdout.encoding=UTF-8 -Dsun.stderr.encoding=UTF-8 com.intellij.rt.testng.RemoteTestNGStarter -usedefaultlisteners false -socket56509 @w@C:\Users\i9\AppData\Local\Temp\idea_working_dirs_testng.tmp -temp C:\Users\i9\AppData\Local\Temp\idea_testng.tmp

Host: Intel(R) Core(TM) i5-3230M CPU @ 2.60GHz, 4 cores, 3G,  Windows 10 , 64 bit Build 19041 (10.0.19041.5438)
Time: Wed Apr  9 08:28:25 2025 Egypt Standard Time elapsed time: 15.711432 seconds (0d 0h 0m 15s)

---------------  T H R E A D  ---------------

Current thread (0x000001a423aef1f0):  JavaThread "C2 CompilerThread0" daemon [_thread_in_native, id=1388, stack(0x00000072aea00000,0x00000072aeb00000) (1024K)]


Current CompileTask:
C2:15711 2157       4       jdk.internal.org.objectweb.asm.MethodWriter::visitVarInsn (302 bytes)

Stack: [0x00000072aea00000,0x00000072aeb00000]
Native frames: (J=compiled Java code, j=interpreted, Vv=VM code, C=native code)
V  [jvm.dll+0x6e2279]  (no source info available)
V  [jvm.dll+0x874e33]  (no source info available)
V  [jvm.dll+0x87725e]  (no source info available)
V  [jvm.dll+0x877933]  (no source info available)
V  [jvm.dll+0x27fd76]  (no source info available)
V  [jvm.dll+0xc3d0f]  (no source info available)
V  [jvm.dll+0xc3f6b]  (no source info available)
V  [jvm.dll+0x3bb10c]  (no source info available)
V  [jvm.dll+0x387b6b]  (no source info available)
V  [jvm.dll+0x386fda]  (no source info available)
V  [jvm.dll+0x247918]  (no source info available)
V  [jvm.dll+0x246fbf]  (no source info available)
V  [jvm.dll+0x1c4e90]  (no source info available)
V  [jvm.dll+0x2569fe]  (no source info available)
V  [jvm.dll+0x254cba]  (no source info available)
V  [jvm.dll+0x3f5336]  (no source info available)
V  [jvm.dll+0x81d44b]  (no source info available)
V  [jvm.dll+0x6e0915]  (no source info available)
C  [ucrtbase.dll+0x21bb2]  (no source info available)
C  [KERNEL32.DLL+0x17374]  (no source info available)
C  [ntdll.dll+0x4cc91]  (no source info available)


---------------  P R O C E S S  ---------------

Threads class SMR info:
_java_thread_list=0x000001a46a128fe0, length=24, elements={
0x000001a406f38910, 0x000001a423adc090, 0x000001a423add1d0, 0x000001a423adf020,
0x000001a423adfa80, 0x000001a423ae04e0, 0x000001a423ae0f40, 0x000001a423aef1f0,
0x000001a423af5cc0, 0x000001a423abb880, 0x000001a4691df870, 0x000001a4691e0eb0,
0x000001a469b756f0, 0x000001a46a1a21e0, 0x000001a46a0acc70, 0x000001a469de0d00,
0x000001a46a82e6e0, 0x000001a46a1976b0, 0x000001a46a1990f0, 0x000001a46a199e10,
0x000001a46a197020, 0x000001a46a198a60, 0x000001a46a197d40, 0x000001a46a1983d0
}

Java Threads: ( => current thread )
  0x000001a406f38910 JavaThread "main"                              [_thread_in_vm, id=8592, stack(0x00000072adc00000,0x00000072add00000) (1024K)]
  0x000001a423adc090 JavaThread "Reference Handler"          daemon [_thread_blocked, id=10268, stack(0x00000072ae400000,0x00000072ae500000) (1024K)]
  0x000001a423add1d0 JavaThread "Finalizer"                  daemon [_thread_blocked, id=6404, stack(0x00000072ae500000,0x00000072ae600000) (1024K)]
  0x000001a423adf020 JavaThread "Signal Dispatcher"          daemon [_thread_blocked, id=23508, stack(0x00000072ae600000,0x00000072ae700000) (1024K)]
  0x000001a423adfa80 JavaThread "Attach Listener"            daemon [_thread_blocked, id=15500, stack(0x00000072ae700000,0x00000072ae800000) (1024K)]
  0x000001a423ae04e0 JavaThread "Service Thread"             daemon [_thread_blocked, id=19776, stack(0x00000072ae800000,0x00000072ae900000) (1024K)]
  0x000001a423ae0f40 JavaThread "Monitor Deflation Thread"   daemon [_thread_blocked, id=14240, stack(0x00000072ae900000,0x00000072aea00000) (1024K)]
=>0x000001a423aef1f0 JavaThread "C2 CompilerThread0"         daemon [_thread_in_native, id=1388, stack(0x00000072aea00000,0x00000072aeb00000) (1024K)]
  0x000001a423af5cc0 JavaThread "C1 CompilerThread0"         daemon [_thread_blocked, id=18928, stack(0x00000072aeb00000,0x00000072aec00000) (1024K)]
  0x000001a423abb880 JavaThread "Common-Cleaner"             daemon [_thread_blocked, id=24020, stack(0x00000072aec00000,0x00000072aed00000) (1024K)]
  0x000001a4691df870 JavaThread "Monitor Ctrl-Break"         daemon [_thread_in_native, id=22288, stack(0x00000072aed00000,0x00000072aee00000) (1024K)]
  0x000001a4691e0eb0 JavaThread "Notification Thread"        daemon [_thread_blocked, id=21052, stack(0x00000072aee00000,0x00000072aef00000) (1024K)]
  0x000001a469b756f0 JavaThread "ForkJoinPool.commonPool-worker-1" daemon [_thread_blocked, id=22440, stack(0x00000072af200000,0x00000072af300000) (1024K)]
  0x000001a46a1a21e0 JavaThread "HttpClient-1-SelectorManager" daemon [_thread_in_native, id=21800, stack(0x00000072af300000,0x00000072af400000) (1024K)]
  0x000001a46a0acc70 JavaThread "External Process Output Forwarder - C:\Users\i9\.cache\selenium\msedgedriver\win64\135.0.3179.54\msedgedriver.exe" daemon [_thread_in_native, id=11648, stack(0x00000072af400000,0x00000072af500000) (1024K)]
  0x000001a469de0d00 JavaThread "Driver Service Executor"    daemon [_thread_blocked, id=8980, stack(0x00000072af500000,0x00000072af600000) (1024K)]
  0x000001a46a82e6e0 JavaThread "Driver Service Executor"    daemon [_thread_in_native, id=19528, stack(0x00000072af600000,0x00000072af700000) (1024K)]
  0x000001a46a1976b0 JavaThread "UrlChecker-2"               daemon [_thread_blocked, id=5656, stack(0x00000072af700000,0x00000072af800000) (1024K)]
  0x000001a46a1990f0 JavaThread "Keep-Alive-Timer"           daemon [_thread_blocked, id=21672, stack(0x00000072af900000,0x00000072afa00000) (1024K)]
  0x000001a46a199e10 JavaThread "JdkHttpClient-0-0"          daemon [_thread_blocked, id=10848, stack(0x00000072afa00000,0x00000072afb00000) (1024K)]
  0x000001a46a197020 JavaThread "CompletableFutureDelayScheduler" daemon [_thread_blocked, id=12540, stack(0x00000072afb00000,0x00000072afc00000) (1024K)]
  0x000001a46a198a60 JavaThread "JdkHttpClient-0-1"          daemon [_thread_blocked, id=12924, stack(0x00000072afc00000,0x00000072afd00000) (1024K)]
  0x000001a46a197d40 JavaThread "JdkHttpClient-0-2"          daemon [_thread_blocked, id=22944, stack(0x00000072afd00000,0x00000072afe00000) (1024K)]
  0x000001a46a1983d0 JavaThread "JdkHttpClient-0-3"          daemon [_thread_blocked, id=12764, stack(0x00000072afe00000,0x00000072aff00000) (1024K)]
Total: 24

Other Threads:
  0x000001a4070fea40 VMThread "VM Thread"                           [id=17744, stack(0x00000072ae300000,0x00000072ae400000) (1024K)]
  0x000001a423abac60 WatcherThread "VM Periodic Task Thread"        [id=336, stack(0x00000072ae200000,0x00000072ae300000) (1024K)]
  0x000001a407070bc0 WorkerThread "GC Thread#0"                     [id=23964, stack(0x00000072add00000,0x00000072ade00000) (1024K)]
  0x000001a469add9d0 WorkerThread "GC Thread#1"                     [id=9696, stack(0x00000072aef00000,0x00000072af000000) (1024K)]
  0x000001a469a7a010 WorkerThread "GC Thread#2"                     [id=7100, stack(0x00000072af000000,0x00000072af100000) (1024K)]
  0x000001a469a7abd0 WorkerThread "GC Thread#3"                     [id=8360, stack(0x00000072af100000,0x00000072af200000) (1024K)]
  0x000001a40707a980 ConcurrentGCThread "G1 Main Marker"            [id=9928, stack(0x00000072ade00000,0x00000072adf00000) (1024K)]
  0x000001a40707bb40 WorkerThread "G1 Conc#0"                       [id=14676, stack(0x00000072adf00000,0x00000072ae000000) (1024K)]
  0x000001a4070da360 ConcurrentGCThread "G1 Refine#0"               [id=23232, stack(0x00000072ae000000,0x00000072ae100000) (1024K)]
  0x000001a4070ddd10 ConcurrentGCThread "G1 Service"                [id=11660, stack(0x00000072ae100000,0x00000072ae200000) (1024K)]
Total: 10

Threads with active compile tasks:
C2 CompilerThread0  15989 2157       4       jdk.internal.org.objectweb.asm.MethodWriter::visitVarInsn (302 bytes)
Total: 1

VM state: not at safepoint (normal execution)

VM Mutex/Monitor currently owned by a thread: None

Heap address: 0x00000000c1800000, size: 1000 MB, Compressed Oops mode: 32-bit

CDS archive(s) mapped at: [0x000001a424000000-0x000001a424c60000-0x000001a424c60000), size 12976128, SharedBaseAddress: 0x000001a424000000, ArchiveRelocationMode: 1.
Compressed class space mapped at: 0x000001a425000000-0x000001a465000000, reserved size: 1073741824
Narrow klass base: 0x000001a424000000, Narrow klass shift: 0, Narrow klass range: 0x41000000

GC Precious Log:
 CardTable entry size: 512
 Card Set container configuration: InlinePtr #cards 5 size 8 Array Of Cards #cards 12 size 40 Howl #buckets 4 coarsen threshold 1843 Howl Bitmap #cards 512 size 80 coarsen threshold 460 Card regions per heap region 1 cards per card region 2048
 CPUs: 4 total, 4 available
 Memory: 3995M
 Large Page Support: Disabled
 NUMA Support: Disabled
 Compressed Oops: Enabled (32-bit)
 Heap Region Size: 1M
 Heap Min Capacity: 8M
 Heap Initial Capacity: 64M
 Heap Max Capacity: 1000M
 Pre-touch: Disabled
 Parallel Workers: 4
 Concurrent Workers: 1
 Concurrent Refinement Workers: 4
 Periodic GC: Disabled

Heap:
 garbage-first heap   total reserved 1024000K, committed 65536K, used 16813K [0x00000000c1800000, 0x0000000100000000)
  region size 1024K, 12 young (12288K), 3 survivors (3072K)
 Metaspace       used 15479K, committed 15936K, reserved 1114112K
  class space    used 1924K, committed 2112K, reserved 1048576K

Heap Regions: E=young(eden), S=young(survivor), O=old, HS=humongous(starts), HC=humongous(continues), CS=collection set, F=free, TAMS=top-at-mark-start, PB=parsable bottom
|   0|0x00000000c1800000, 0x00000000c1900000, 0x00000000c1900000|100%|HS|  |TAMS 0x00000000c1800000| PB 0x00000000c1800000| Complete |  0
|   1|0x00000000c1900000, 0x00000000c1a00000, 0x00000000c1a00000|100%| O|  |TAMS 0x00000000c1900000| PB 0x00000000c1900000| Untracked |  0
|   2|0x00000000c1a00000, 0x00000000c1b00000, 0x00000000c1b00000|100%| O|  |TAMS 0x00000000c1a00000| PB 0x00000000c1a00000| Untracked |  0
|   3|0x00000000c1b00000, 0x00000000c1c00000, 0x00000000c1c00000|100%| O|  |TAMS 0x00000000c1b00000| PB 0x00000000c1b00000| Untracked |  0
|   4|0x00000000c1c00000, 0x00000000c1d00000, 0x00000000c1d00000|100%| O|  |TAMS 0x00000000c1c00000| PB 0x00000000c1c00000| Untracked |  0
|   5|0x00000000c1d00000, 0x00000000c1d6b418, 0x00000000c1e00000| 41%| O|  |TAMS 0x00000000c1d00000| PB 0x00000000c1d00000| Untracked |  0
|   6|0x00000000c1e00000, 0x00000000c1e00000, 0x00000000c1f00000|  0%| F|  |TAMS 0x00000000c1e00000| PB 0x00000000c1e00000| Untracked |  0
|   7|0x00000000c1f00000, 0x00000000c1f00000, 0x00000000c2000000|  0%| F|  |TAMS 0x00000000c1f00000| PB 0x00000000c1f00000| Untracked |  0
|   8|0x00000000c2000000, 0x00000000c2000000, 0x00000000c2100000|  0%| F|  |TAMS 0x00000000c2000000| PB 0x00000000c2000000| Untracked |  0
|   9|0x00000000c2100000, 0x00000000c2100000, 0x00000000c2200000|  0%| F|  |TAMS 0x00000000c2100000| PB 0x00000000c2100000| Untracked |  0
|  10|0x00000000c2200000, 0x00000000c2200000, 0x00000000c2300000|  0%| F|  |TAMS 0x00000000c2200000| PB 0x00000000c2200000| Untracked |  0
|  11|0x00000000c2300000, 0x00000000c2300000, 0x00000000c2400000|  0%| F|  |TAMS 0x00000000c2300000| PB 0x00000000c2300000| Untracked |  0
|  12|0x00000000c2400000, 0x00000000c2400000, 0x00000000c2500000|  0%| F|  |TAMS 0x00000000c2400000| PB 0x00000000c2400000| Untracked |  0
|  13|0x00000000c2500000, 0x00000000c2500000, 0x00000000c2600000|  0%| F|  |TAMS 0x00000000c2500000| PB 0x00000000c2500000| Untracked |  0
|  14|0x00000000c2600000, 0x00000000c2600000, 0x00000000c2700000|  0%| F|  |TAMS 0x00000000c2600000| PB 0x00000000c2600000| Untracked |  0
|  15|0x00000000c2700000, 0x00000000c2700000, 0x00000000c2800000|  0%| F|  |TAMS 0x00000000c2700000| PB 0x00000000c2700000| Untracked |  0
|  16|0x00000000c2800000, 0x00000000c2800000, 0x00000000c2900000|  0%| F|  |TAMS 0x00000000c2800000| PB 0x00000000c2800000| Untracked |  0
|  17|0x00000000c2900000, 0x00000000c2900000, 0x00000000c2a00000|  0%| F|  |TAMS 0x00000000c2900000| PB 0x00000000c2900000| Untracked |  0
|  18|0x00000000c2a00000, 0x00000000c2a00000, 0x00000000c2b00000|  0%| F|  |TAMS 0x00000000c2a00000| PB 0x00000000c2a00000| Untracked |  0
|  19|0x00000000c2b00000, 0x00000000c2b00000, 0x00000000c2c00000|  0%| F|  |TAMS 0x00000000c2b00000| PB 0x00000000c2b00000| Untracked |  0
|  20|0x00000000c2c00000, 0x00000000c2c00000, 0x00000000c2d00000|  0%| F|  |TAMS 0x00000000c2c00000| PB 0x00000000c2c00000| Untracked |  0
|  21|0x00000000c2d00000, 0x00000000c2d00000, 0x00000000c2e00000|  0%| F|  |TAMS 0x00000000c2d00000| PB 0x00000000c2d00000| Untracked |  0
|  22|0x00000000c2e00000, 0x00000000c2e00000, 0x00000000c2f00000|  0%| F|  |TAMS 0x00000000c2e00000| PB 0x00000000c2e00000| Untracked |  0
|  23|0x00000000c2f00000, 0x00000000c2f00000, 0x00000000c3000000|  0%| F|  |TAMS 0x00000000c2f00000| PB 0x00000000c2f00000| Untracked |  0
|  24|0x00000000c3000000, 0x00000000c3000000, 0x00000000c3100000|  0%| F|  |TAMS 0x00000000c3000000| PB 0x00000000c3000000| Untracked |  0
|  25|0x00000000c3100000, 0x00000000c3100000, 0x00000000c3200000|  0%| F|  |TAMS 0x00000000c3100000| PB 0x00000000c3100000| Untracked |  0
|  26|0x00000000c3200000, 0x00000000c3200000, 0x00000000c3300000|  0%| F|  |TAMS 0x00000000c3200000| PB 0x00000000c3200000| Untracked |  0
|  27|0x00000000c3300000, 0x00000000c3300000, 0x00000000c3400000|  0%| F|  |TAMS 0x00000000c3300000| PB 0x00000000c3300000| Untracked |  0
|  28|0x00000000c3400000, 0x00000000c3400000, 0x00000000c3500000|  0%| F|  |TAMS 0x00000000c3400000| PB 0x00000000c3400000| Untracked |  0
|  29|0x00000000c3500000, 0x00000000c3500000, 0x00000000c3600000|  0%| F|  |TAMS 0x00000000c3500000| PB 0x00000000c3500000| Untracked |  0
|  30|0x00000000c3600000, 0x00000000c3600000, 0x00000000c3700000|  0%| F|  |TAMS 0x00000000c3600000| PB 0x00000000c3600000| Untracked |  0
|  31|0x00000000c3700000, 0x00000000c3700000, 0x00000000c3800000|  0%| F|  |TAMS 0x00000000c3700000| PB 0x00000000c3700000| Untracked |  0
|  32|0x00000000c3800000, 0x00000000c3800000, 0x00000000c3900000|  0%| F|  |TAMS 0x00000000c3800000| PB 0x00000000c3800000| Untracked |  0
|  33|0x00000000c3900000, 0x00000000c3900000, 0x00000000c3a00000|  0%| F|  |TAMS 0x00000000c3900000| PB 0x00000000c3900000| Untracked |  0
|  34|0x00000000c3a00000, 0x00000000c3a00000, 0x00000000c3b00000|  0%| F|  |TAMS 0x00000000c3a00000| PB 0x00000000c3a00000| Untracked |  0
|  35|0x00000000c3b00000, 0x00000000c3b00000, 0x00000000c3c00000|  0%| F|  |TAMS 0x00000000c3b00000| PB 0x00000000c3b00000| Untracked |  0
|  36|0x00000000c3c00000, 0x00000000c3c00000, 0x00000000c3d00000|  0%| F|  |TAMS 0x00000000c3c00000| PB 0x00000000c3c00000| Untracked |  0
|  37|0x00000000c3d00000, 0x00000000c3d00000, 0x00000000c3e00000|  0%| F|  |TAMS 0x00000000c3d00000| PB 0x00000000c3d00000| Untracked |  0
|  38|0x00000000c3e00000, 0x00000000c3e00000, 0x00000000c3f00000|  0%| F|  |TAMS 0x00000000c3e00000| PB 0x00000000c3e00000| Untracked |  0
|  39|0x00000000c3f00000, 0x00000000c3f00000, 0x00000000c4000000|  0%| F|  |TAMS 0x00000000c3f00000| PB 0x00000000c3f00000| Untracked |  0
|  40|0x00000000c4000000, 0x00000000c4000000, 0x00000000c4100000|  0%| F|  |TAMS 0x00000000c4000000| PB 0x00000000c4000000| Untracked |  0
|  41|0x00000000c4100000, 0x00000000c4100000, 0x00000000c4200000|  0%| F|  |TAMS 0x00000000c4100000| PB 0x00000000c4100000| Untracked |  0
|  42|0x00000000c4200000, 0x00000000c4300000, 0x00000000c4300000|100%| S|CS|TAMS 0x00000000c4200000| PB 0x00000000c4200000| Complete |  0
|  43|0x00000000c4300000, 0x00000000c4400000, 0x00000000c4400000|100%| S|CS|TAMS 0x00000000c4300000| PB 0x00000000c4300000| Complete |  0
|  44|0x00000000c4400000, 0x00000000c4500000, 0x00000000c4500000|100%| S|CS|TAMS 0x00000000c4400000| PB 0x00000000c4400000| Complete |  0
|  45|0x00000000c4500000, 0x00000000c4500000, 0x00000000c4600000|  0%| F|  |TAMS 0x00000000c4500000| PB 0x00000000c4500000| Untracked |  0
|  46|0x00000000c4600000, 0x00000000c4600000, 0x00000000c4700000|  0%| F|  |TAMS 0x00000000c4600000| PB 0x00000000c4600000| Untracked |  0
|  47|0x00000000c4700000, 0x00000000c4700000, 0x00000000c4800000|  0%| F|  |TAMS 0x00000000c4700000| PB 0x00000000c4700000| Untracked |  0
|  48|0x00000000c4800000, 0x00000000c4800000, 0x00000000c4900000|  0%| F|  |TAMS 0x00000000c4800000| PB 0x00000000c4800000| Untracked |  0
|  49|0x00000000c4900000, 0x00000000c4900000, 0x00000000c4a00000|  0%| F|  |TAMS 0x00000000c4900000| PB 0x00000000c4900000| Untracked |  0
|  50|0x00000000c4a00000, 0x00000000c4a00000, 0x00000000c4b00000|  0%| F|  |TAMS 0x00000000c4a00000| PB 0x00000000c4a00000| Untracked |  0
|  51|0x00000000c4b00000, 0x00000000c4b00000, 0x00000000c4c00000|  0%| F|  |TAMS 0x00000000c4b00000| PB 0x00000000c4b00000| Untracked |  0
|  52|0x00000000c4c00000, 0x00000000c4c00000, 0x00000000c4d00000|  0%| F|  |TAMS 0x00000000c4c00000| PB 0x00000000c4c00000| Untracked |  0
|  53|0x00000000c4d00000, 0x00000000c4d00000, 0x00000000c4e00000|  0%| F|  |TAMS 0x00000000c4d00000| PB 0x00000000c4d00000| Untracked |  0
|  54|0x00000000c4e00000, 0x00000000c4e00000, 0x00000000c4f00000|  0%| F|  |TAMS 0x00000000c4e00000| PB 0x00000000c4e00000| Untracked |  0
|  55|0x00000000c4f00000, 0x00000000c4f4e318, 0x00000000c5000000| 30%| E|  |TAMS 0x00000000c4f00000| PB 0x00000000c4f00000| Complete |  0
|  56|0x00000000c5000000, 0x00000000c5100000, 0x00000000c5100000|100%| E|CS|TAMS 0x00000000c5000000| PB 0x00000000c5000000| Complete |  0
|  57|0x00000000c5100000, 0x00000000c5200000, 0x00000000c5200000|100%| E|CS|TAMS 0x00000000c5100000| PB 0x00000000c5100000| Complete |  0
|  58|0x00000000c5200000, 0x00000000c5300000, 0x00000000c5300000|100%| E|CS|TAMS 0x00000000c5200000| PB 0x00000000c5200000| Complete |  0
|  59|0x00000000c5300000, 0x00000000c5400000, 0x00000000c5400000|100%| E|CS|TAMS 0x00000000c5300000| PB 0x00000000c5300000| Complete |  0
|  60|0x00000000c5400000, 0x00000000c5500000, 0x00000000c5500000|100%| E|CS|TAMS 0x00000000c5400000| PB 0x00000000c5400000| Complete |  0
|  61|0x00000000c5500000, 0x00000000c5600000, 0x00000000c5600000|100%| E|CS|TAMS 0x00000000c5500000| PB 0x00000000c5500000| Complete |  0
|  62|0x00000000c5600000, 0x00000000c5700000, 0x00000000c5700000|100%| E|CS|TAMS 0x00000000c5600000| PB 0x00000000c5600000| Complete |  0
|  63|0x00000000c5700000, 0x00000000c5800000, 0x00000000c5800000|100%| E|CS|TAMS 0x00000000c5700000| PB 0x00000000c5700000| Complete |  0

Card table byte_map: [0x000001a420390000,0x000001a420590000] _byte_map_base: 0x000001a41fd84000

Marking Bits: (CMBitMap*) 0x000001a4070711e0
 Bits: [0x000001a420590000, 0x000001a421530000)

Polling page: 0x000001a406ef0000

Metaspace:

Usage:
  Non-class:     13.24 MB used.
      Class:      1.88 MB used.
       Both:     15.12 MB used.

Virtual space:
  Non-class space:       64.00 MB reserved,      13.50 MB ( 21%) committed,  1 nodes.
      Class space:        1.00 GB reserved,       2.06 MB ( <1%) committed,  1 nodes.
             Both:        1.06 GB reserved,      15.56 MB (  1%) committed. 

Chunk freelists:
   Non-Class:  1.86 MB
       Class:  13.94 MB
        Both:  15.80 MB

MaxMetaspaceSize: unlimited
CompressedClassSpaceSize: 1.00 GB
Initial GC threshold: 21.00 MB
Current GC threshold: 21.00 MB
CDS: on
 - commit_granule_bytes: 65536.
 - commit_granule_words: 8192.
 - virtual_space_node_default_size: 8388608.
 - enlarge_chunks_in_place: 1.
 - use_allocation_guard: 0.


Internal statistics:

num_allocs_failed_limit: 0.
num_arena_births: 510.
num_arena_deaths: 0.
num_vsnodes_births: 2.
num_vsnodes_deaths: 0.
num_space_committed: 249.
num_space_uncommitted: 0.
num_chunks_returned_to_freelist: 0.
num_chunks_taken_from_freelist: 940.
num_chunk_merges: 0.
num_chunk_splits: 533.
num_chunks_enlarged: 262.
num_inconsistent_stats: 0.

CodeHeap 'non-profiled nmethods': size=120000Kb used=781Kb max_used=781Kb free=119219Kb
 bounds [0x000001a418640000, 0x000001a4188b0000, 0x000001a41fb70000]
CodeHeap 'profiled nmethods': size=120000Kb used=4143Kb max_used=4143Kb free=115856Kb
 bounds [0x000001a410b70000, 0x000001a410f80000, 0x000001a4180a0000]
CodeHeap 'non-nmethods': size=5760Kb used=1512Kb max_used=1527Kb free=4247Kb
 bounds [0x000001a4180a0000, 0x000001a418310000, 0x000001a418640000]
 total_blobs=2777 nmethods=2195 adapters=486
 compilation: enabled
              stopped_count=0, restarted_count=0
 full_count=0

Compilation events (20 events):
Event: 8.475 Thread 0x000001a423af5cc0 2142       3       java.lang.invoke.LambdaForm$DMH/0x000001a4250f2400::invokeStatic (31 bytes)
Event: 8.475 Thread 0x000001a423af5cc0 nmethod 2142 0x000001a410f62110 code [0x000001a410f622e0, 0x000001a410f62750]
Event: 8.495 Thread 0x000001a423aef1f0 nmethod 2141 0x000001a4186ffb90 code [0x000001a4186ffd80, 0x000001a4187006d0]
Event: 8.495 Thread 0x000001a423aef1f0 2143       4       java.lang.invoke.MethodType::equals (27 bytes)
Event: 8.498 Thread 0x000001a423af5cc0 2144       3       java.util.concurrent.locks.AbstractQueuedSynchronizer::<init> (5 bytes)
Event: 8.498 Thread 0x000001a423af5cc0 nmethod 2144 0x000001a410f62890 code [0x000001a410f62a40, 0x000001a410f62c08]
Event: 8.500 Thread 0x000001a423aef1f0 nmethod 2143 0x000001a418700b10 code [0x000001a418700cc0, 0x000001a418700f00]
Event: 8.515 Thread 0x000001a423af5cc0 2145       3       java.lang.invoke.MethodHandles$Lookup::restrictProtectedReceiver (51 bytes)
Event: 8.516 Thread 0x000001a423af5cc0 nmethod 2145 0x000001a410f62d10 code [0x000001a410f62f00, 0x000001a410f633d8]
Event: 11.479 Thread 0x000001a423af5cc0 2146       1       jdk.internal.net.http.common.DebugLogger::on (5 bytes)
Event: 11.480 Thread 0x000001a423af5cc0 nmethod 2146 0x000001a418701110 code [0x000001a4187012a0, 0x000001a418701370]
Event: 15.658 Thread 0x000001a423af5cc0 2147       3       java.nio.HeapByteBuffer::get (14 bytes)
Event: 15.659 Thread 0x000001a423af5cc0 nmethod 2147 0x000001a410f63590 code [0x000001a410f63760, 0x000001a410f63aa0]
Event: 15.670 Thread 0x000001a423af5cc0 2148   !   3       java.lang.Class::desiredAssertionStatus (54 bytes)
Event: 15.670 Thread 0x000001a423af5cc0 nmethod 2148 0x000001a410f63c10 code [0x000001a410f63e00, 0x000001a410f64310]
Event: 15.679 Thread 0x000001a423aef1f0 2150       4       jdk.internal.org.objectweb.asm.ByteVector::putInt (74 bytes)
Event: 15.681 Thread 0x000001a423aef1f0 nmethod 2150 0x000001a418701810 code [0x000001a4187019a0, 0x000001a418701b28]
Event: 15.690 Thread 0x000001a423af5cc0 2155       1       java.lang.invoke.MethodHandle::isInvokeSpecial (2 bytes)
Event: 15.690 Thread 0x000001a423af5cc0 nmethod 2155 0x000001a418702810 code [0x000001a4187029a0, 0x000001a418702a68]
Event: 15.697 Thread 0x000001a423aef1f0 2157       4       jdk.internal.org.objectweb.asm.MethodWriter::visitVarInsn (302 bytes)

GC Heap History (4 events):
Event: 2.185 GC heap before
{Heap before GC invocations=0 (full 0):
 garbage-first heap   total reserved 1024000K, committed 65536K, used 15360K [0x00000000c1800000, 0x0000000100000000)
  region size 1024K, 14 young (14336K), 0 survivors (0K)
 Metaspace       used 5836K, committed 6144K, reserved 1114112K
  class space    used 642K, committed 768K, reserved 1048576K
}
Event: 2.199 GC heap after
{Heap after GC invocations=1 (full 0):
 garbage-first heap   total reserved 1024000K, committed 65536K, used 4864K [0x00000000c1800000, 0x0000000100000000)
  region size 1024K, 2 young (2048K), 2 survivors (2048K)
 Metaspace       used 5836K, committed 6144K, reserved 1114112K
  class space    used 642K, committed 768K, reserved 1048576K
}
Event: 5.610 GC heap before
{Heap before GC invocations=1 (full 0):
 garbage-first heap   total reserved 1024000K, committed 65536K, used 22272K [0x00000000c1800000, 0x0000000100000000)
  region size 1024K, 19 young (19456K), 2 survivors (2048K)
 Metaspace       used 11593K, committed 11968K, reserved 1114112K
  class space    used 1379K, committed 1536K, reserved 1048576K
}
Event: 5.627 GC heap after
{Heap after GC invocations=2 (full 0):
 garbage-first heap   total reserved 1024000K, committed 65536K, used 8621K [0x00000000c1800000, 0x0000000100000000)
  region size 1024K, 3 young (3072K), 3 survivors (3072K)
 Metaspace       used 11593K, committed 11968K, reserved 1114112K
  class space    used 1379K, committed 1536K, reserved 1048576K
}

Dll operation events (14 events):
Event: 0.056 Loaded shared library C:\Program Files\Java\jdk-22\bin\java.dll
Event: 0.123 Loaded shared library C:\Program Files\Java\jdk-22\bin\jsvml.dll
Event: 0.359 Loaded shared library C:\Program Files\Java\jdk-22\bin\zip.dll
Event: 0.369 Loaded shared library C:\Program Files\Java\jdk-22\bin\instrument.dll
Event: 0.378 Loaded shared library C:\Program Files\Java\jdk-22\bin\net.dll
Event: 0.382 Loaded shared library C:\Program Files\Java\jdk-22\bin\nio.dll
Event: 0.395 Loaded shared library C:\Program Files\Java\jdk-22\bin\zip.dll
Event: 0.428 Loaded shared library C:\Program Files\JetBrains\IntelliJ IDEA Community Edition 2024.1.2\bin\breakgen64.dll
Event: 0.451 Loaded shared library C:\Program Files\Java\jdk-22\bin\extnet.dll
Event: 0.794 Loaded shared library C:\Program Files\Java\jdk-22\bin\verify.dll
Event: 0.809 Loaded shared library C:\Program Files\Java\jdk-22\bin\jimage.dll
Event: 2.836 Loaded shared library C:\Program Files\Java\jdk-22\bin\management.dll
Event: 2.844 Loaded shared library C:\Program Files\Java\jdk-22\bin\management_ext.dll
Event: 5.740 Loaded shared library C:\Program Files\Java\jdk-22\bin\sunmscapi.dll

Deoptimization events (20 events):
Event: 5.874 Thread 0x000001a46a1a21e0 Uncommon trap: trap_request=0xffffffde fr.pc=0x000001a4186cb724 relative=0x0000000000000084
Event: 5.874 Thread 0x000001a46a1a21e0 Uncommon trap: reason=class_check action=maybe_recompile pc=0x000001a4186cb724 method=jdk.internal.misc.Blocker.begin()J @ 11 c2
Event: 5.874 Thread 0x000001a46a1a21e0 DEOPT PACKING pc=0x000001a4186cb724 sp=0x00000072af3fedb0
Event: 5.874 Thread 0x000001a46a1a21e0 DEOPT UNPACKING pc=0x000001a4180f46a2 sp=0x00000072af3fed08 mode 2
Event: 5.935 Thread 0x000001a406f38910 Uncommon trap: trap_request=0xffffffde fr.pc=0x000001a41869ff9c relative=0x00000000000002bc
Event: 5.935 Thread 0x000001a406f38910 Uncommon trap: reason=class_check action=maybe_recompile pc=0x000001a41869ff9c method=java.util.regex.Pattern$BmpCharPropertyGreedy.match(Ljava/util/regex/Matcher;ILjava/lang/CharSequence;)Z @ 26 c2
Event: 5.935 Thread 0x000001a406f38910 DEOPT PACKING pc=0x000001a41869ff9c sp=0x00000072adcfc880
Event: 5.935 Thread 0x000001a406f38910 DEOPT UNPACKING pc=0x000001a4180f46a2 sp=0x00000072adcfc848 mode 2
Event: 8.303 Thread 0x000001a46a1a21e0 Uncommon trap: trap_request=0xffffffde fr.pc=0x000001a4186cb724 relative=0x0000000000000084
Event: 8.303 Thread 0x000001a46a1a21e0 Uncommon trap: reason=class_check action=maybe_recompile pc=0x000001a4186cb724 method=jdk.internal.misc.Blocker.begin()J @ 11 c2
Event: 8.303 Thread 0x000001a46a1a21e0 DEOPT PACKING pc=0x000001a4186cb724 sp=0x00000072af3fedb0
Event: 8.303 Thread 0x000001a46a1a21e0 DEOPT UNPACKING pc=0x000001a4180f46a2 sp=0x00000072af3fed08 mode 2
Event: 8.450 Thread 0x000001a46a1a21e0 Uncommon trap: trap_request=0xffffffde fr.pc=0x000001a4186cb724 relative=0x0000000000000084
Event: 8.450 Thread 0x000001a46a1a21e0 Uncommon trap: reason=class_check action=maybe_recompile pc=0x000001a4186cb724 method=jdk.internal.misc.Blocker.begin()J @ 11 c2
Event: 8.450 Thread 0x000001a46a1a21e0 DEOPT PACKING pc=0x000001a4186cb724 sp=0x00000072af3fedb0
Event: 8.450 Thread 0x000001a46a1a21e0 DEOPT UNPACKING pc=0x000001a4180f46a2 sp=0x00000072af3fed08 mode 2
Event: 8.458 Thread 0x000001a46a1a21e0 Uncommon trap: trap_request=0xffffffde fr.pc=0x000001a4186cb724 relative=0x0000000000000084
Event: 8.458 Thread 0x000001a46a1a21e0 Uncommon trap: reason=class_check action=maybe_recompile pc=0x000001a4186cb724 method=jdk.internal.misc.Blocker.begin()J @ 11 c2
Event: 8.458 Thread 0x000001a46a1a21e0 DEOPT PACKING pc=0x000001a4186cb724 sp=0x00000072af3fedb0
Event: 8.458 Thread 0x000001a46a1a21e0 DEOPT UNPACKING pc=0x000001a4180f46a2 sp=0x00000072af3fed08 mode 2

Classes loaded (20 events):
Event: 15.671 Loading class java/util/stream/ReferencePipeline$5
Event: 15.672 Loading class java/util/stream/LongPipeline$StatelessOp
Event: 15.672 Loading class java/util/stream/LongPipeline
Event: 15.673 Loading class java/util/stream/LongStream
Event: 15.675 Loading class java/util/stream/LongStream done
Event: 15.676 Loading class java/util/stream/LongPipeline done
Event: 15.676 Loading class java/util/stream/LongPipeline$StatelessOp done
Event: 15.676 Loading class java/util/stream/ReferencePipeline$5 done
Event: 15.676 Loading class java/util/stream/FindOps$FindSink$OfLong
Event: 15.677 Loading class java/util/stream/Sink$OfLong
Event: 15.677 Loading class java/util/stream/Sink$OfLong done
Event: 15.677 Loading class java/util/stream/FindOps$FindSink$OfLong done
Event: 15.677 Loading class java/util/OptionalLong
Event: 15.678 Loading class java/util/OptionalLong done
Event: 15.681 Loading class java/util/stream/ReferencePipeline$5$1
Event: 15.682 Loading class java/util/stream/ReferencePipeline$5$1 done
Event: 15.683 Loading class java/lang/invoke/VarHandleBytes$FieldInstanceReadWrite
Event: 15.684 Loading class java/lang/invoke/VarHandleBytes$FieldInstanceReadOnly
Event: 15.685 Loading class java/lang/invoke/VarHandleBytes$FieldInstanceReadOnly done
Event: 15.685 Loading class java/lang/invoke/VarHandleBytes$FieldInstanceReadWrite done

Classes unloaded (0 events):
No events

Classes redefined (0 events):
No events

Internal exceptions (20 events):
Event: 5.934 Thread 0x000001a406f38910 Exception <a 'java/lang/NoSuchMethodError'{0x00000000c55549d8}: 'int java.lang.invoke.DirectMethodHandle$Holder.invokeSpecialIFC(java.lang.Object, java.lang.Object, java.lang.Object, java.lang.Object)'> (0x00000000c55549d8) 
thrown [s\open\src\hotspot\share\interpreter\linkResolver.cpp, line 774]
Event: 5.942 Thread 0x000001a406f38910 Exception <a 'java/lang/NoSuchMethodError'{0x00000000c5576b10}: 'java.lang.Object java.lang.invoke.DirectMethodHandle$Holder.invokeVirtual(java.lang.Object, java.lang.Object, java.lang.Object, java.lang.Object)'> (0x00000000c5576b10) 
thrown [s\open\src\hotspot\share\interpreter\linkResolver.cpp, line 774]
Event: 6.018 Thread 0x000001a46a1976b0 Exception <a 'java/net/ConnectException'{0x00000000c5401040}: Connection refused: getsockopt> (0x00000000c5401040) 
thrown [s\open\src\hotspot\share\prims\jni.cpp, line 539]
Event: 6.036 Thread 0x000001a46a1976b0 Exception <a 'java/net/ConnectException'{0x00000000c5402138}: Connection refused: getsockopt> (0x00000000c5402138) 
thrown [s\open\src\hotspot\share\prims\jni.cpp, line 539]
Event: 6.067 Thread 0x000001a46a1976b0 Exception <a 'java/net/ConnectException'{0x00000000c5403058}: Connection refused: getsockopt> (0x00000000c5403058) 
thrown [s\open\src\hotspot\share\prims\jni.cpp, line 539]
Event: 6.111 Thread 0x000001a46a1976b0 Exception <a 'java/net/ConnectException'{0x00000000c5403f78}: Connection refused: getsockopt> (0x00000000c5403f78) 
thrown [s\open\src\hotspot\share\prims\jni.cpp, line 539]
Event: 6.204 Thread 0x000001a46a1976b0 Exception <a 'java/net/ConnectException'{0x00000000c5404e98}: Connection refused: getsockopt> (0x00000000c5404e98) 
thrown [s\open\src\hotspot\share\prims\jni.cpp, line 539]
Event: 6.380 Thread 0x000001a46a1976b0 Exception <a 'java/net/ConnectException'{0x00000000c5405db8}: Connection refused: getsockopt> (0x00000000c5405db8) 
thrown [s\open\src\hotspot\share\prims\jni.cpp, line 539]
Event: 6.716 Thread 0x000001a46a1976b0 Exception <a 'java/net/ConnectException'{0x00000000c5406cd8}: Connection refused: getsockopt> (0x00000000c5406cd8) 
thrown [s\open\src\hotspot\share\prims\jni.cpp, line 539]
Event: 7.048 Thread 0x000001a46a1976b0 Exception <a 'java/net/ConnectException'{0x00000000c5407bf8}: Connection refused: getsockopt> (0x00000000c5407bf8) 
thrown [s\open\src\hotspot\share\prims\jni.cpp, line 539]
Event: 7.381 Thread 0x000001a46a1976b0 Exception <a 'java/net/ConnectException'{0x00000000c5408bc8}: Connection refused: getsockopt> (0x00000000c5408bc8) 
thrown [s\open\src\hotspot\share\prims\jni.cpp, line 539]
Event: 7.713 Thread 0x000001a46a1976b0 Exception <a 'java/net/ConnectException'{0x00000000c5409ae8}: Connection refused: getsockopt> (0x00000000c5409ae8) 
thrown [s\open\src\hotspot\share\prims\jni.cpp, line 539]
Event: 8.151 Thread 0x000001a406f38910 Exception <a 'java/lang/NoSuchMethodError'{0x00000000c54dd2b0}: 'java.lang.Object java.lang.invoke.DirectMethodHandle$Holder.newInvokeSpecial(java.lang.Object, java.lang.Object, int, int)'> (0x00000000c54dd2b0) 
thrown [s\open\src\hotspot\share\interpreter\linkResolver.cpp, line 774]
Event: 8.152 Thread 0x000001a406f38910 Exception <a 'java/lang/NoSuchMethodError'{0x00000000c54e77d8}: 'void java.lang.invoke.DirectMethodHandle$Holder.invokeStatic(java.lang.Object, java.lang.Object, int)'> (0x00000000c54e77d8) 
thrown [s\open\src\hotspot\share\interpreter\linkResolver.cpp, line 774]
Event: 8.346 Thread 0x000001a46a199e10 Exception <a 'java/lang/NoSuchMethodError'{0x00000000c524aa38}: 'java.lang.Object java.lang.invoke.DirectMethodHandle$Holder.invokeSpecial(java.lang.Object, java.lang.Object, java.lang.Object, java.lang.Object, int)'> (0x00000000c524aa38) 
thrown [s\open\src\hotspot\share\interpreter\linkResolver.cpp, line 774]
Event: 8.347 Thread 0x000001a46a199e10 Exception <a 'java/lang/NoSuchMethodError'{0x00000000c524e380}: 'java.lang.Object java.lang.invoke.Invokers$Holder.linkToTargetMethod(java.lang.Object, java.lang.Object, int, java.lang.Object)'> (0x00000000c524e380) 
thrown [s\open\src\hotspot\share\interpreter\linkResolver.cpp, line 774]
Event: 8.427 Thread 0x000001a46a199e10 Exception <a 'java/lang/NoSuchMethodError'{0x00000000c528e368}: 'void java.lang.invoke.DirectMethodHandle$Holder.invokeSpecial(java.lang.Object, java.lang.Object, java.lang.Object, java.lang.Object, java.lang.Object)'> (0x00000000c528e368) 
thrown [s\open\src\hotspot\share\interpreter\linkResolver.cpp, line 774]
Event: 8.470 Thread 0x000001a46a198a60 Exception <a 'java/lang/NoSuchMethodError'{0x00000000c52e5ca8}: 'int java.lang.invoke.DirectMethodHandle$Holder.invokeSpecialIFC(java.lang.Object, java.lang.Object, java.lang.Object, java.lang.Object, java.lang.Object)'> (0x00000000c52e5ca8) 
thrown [s\open\src\hotspot\share\interpreter\linkResolver.cpp, line 774]
Event: 15.687 Thread 0x000001a46a198a60 Exception <a 'java/lang/NoSuchMethodError'{0x00000000c51bbb38}: 'java.lang.Object java.lang.invoke.DirectMethodHandle$Holder.newInvokeSpecial(java.lang.Object, java.lang.Object, long, java.lang.Object, java.lang.Object, java.lang.Object)'> (0x00000000c51bbb38) 
thrown [s\open\src\hotspot\share\interpreter\linkResolver.cpp, line 774]
Event: 15.696 Thread 0x000001a46a198a60 Exception <a 'java/lang/NoSuchMethodError'{0x00000000c51d1e28}: 'void java.lang.invoke.DirectMethodHandle$Holder.invokeSpecial(java.lang.Object, java.lang.Object, java.lang.Object, java.lang.Object, java.lang.Object, java.lang.Object, java.lang.Object)'> (0x00000000c51d1e28) 
thrown [s\open\src\hotspot\share\interpreter\linkResolver.cpp, line 774]

ZGC Phase Switch (0 events):
No events

VM Operations (20 events):
Event: 5.962 Executing VM operation: HandshakeAllThreads (Deoptimize)
Event: 5.962 Executing VM operation: HandshakeAllThreads (Deoptimize) done
Event: 5.964 Executing VM operation: HandshakeAllThreads (Deoptimize)
Event: 5.964 Executing VM operation: HandshakeAllThreads (Deoptimize) done
Event: 6.966 Executing VM operation: Cleanup
Event: 6.966 Executing VM operation: Cleanup done
Event: 8.062 Executing VM operation: HandshakeAllThreads (Deoptimize)
Event: 8.062 Executing VM operation: HandshakeAllThreads (Deoptimize) done
Event: 8.062 Executing VM operation: Cleanup
Event: 8.062 Executing VM operation: Cleanup done
Event: 9.081 Executing VM operation: Cleanup
Event: 9.082 Executing VM operation: Cleanup done
Event: 14.144 Executing VM operation: Cleanup
Event: 14.144 Executing VM operation: Cleanup done
Event: 15.654 Executing VM operation: HandshakeAllThreads (Deoptimize)
Event: 15.654 Executing VM operation: HandshakeAllThreads (Deoptimize) done
Event: 15.654 Executing VM operation: Cleanup
Event: 15.654 Executing VM operation: Cleanup done
Event: 15.663 Executing VM operation: HandshakeAllThreads (Deoptimize)
Event: 15.663 Executing VM operation: HandshakeAllThreads (Deoptimize) done

Events (20 events):
Event: 0.121 Thread 0x000001a423ae0f40 Thread added: 0x000001a423ae0f40
Event: 0.121 Thread 0x000001a423aef1f0 Thread added: 0x000001a423aef1f0
Event: 0.122 Thread 0x000001a423af5cc0 Thread added: 0x000001a423af5cc0
Event: 0.296 Thread 0x000001a423abb880 Thread added: 0x000001a423abb880
Event: 0.429 Thread 0x000001a4691df870 Thread added: 0x000001a4691df870
Event: 0.430 Thread 0x000001a4691e0eb0 Thread added: 0x000001a4691e0eb0
Event: 2.999 Thread 0x000001a469ae46e0 Thread added: 0x000001a469ae46e0
Event: 4.389 Thread 0x000001a469ae46e0 Thread exited: 0x000001a469ae46e0
Event: 4.591 Thread 0x000001a469b756f0 Thread added: 0x000001a469b756f0
Event: 5.869 Thread 0x000001a46a1a21e0 Thread added: 0x000001a46a1a21e0
Event: 5.956 Thread 0x000001a46a0acc70 Thread added: 0x000001a46a0acc70
Event: 5.965 Thread 0x000001a469de0d00 Thread added: 0x000001a469de0d00
Event: 5.967 Thread 0x000001a46a82e6e0 Thread added: 0x000001a46a82e6e0
Event: 5.995 Thread 0x000001a46a1976b0 Thread added: 0x000001a46a1976b0
Event: 8.061 Thread 0x000001a46a1990f0 Thread added: 0x000001a46a1990f0
Event: 8.197 Thread 0x000001a46a199e10 Thread added: 0x000001a46a199e10
Event: 8.211 Thread 0x000001a46a197020 Thread added: 0x000001a46a197020
Event: 8.462 Thread 0x000001a46a198a60 Thread added: 0x000001a46a198a60
Event: 8.467 Thread 0x000001a46a197d40 Thread added: 0x000001a46a197d40
Event: 8.469 Thread 0x000001a46a1983d0 Thread added: 0x000001a46a1983d0


Dynamic libraries:
0x00007ff680230000 - 0x00007ff680240000 	C:\Program Files\Java\jdk-22\bin\java.exe
0x00007ffcfdc90000 - 0x00007ffcfde88000 	C:\Windows\SYSTEM32\ntdll.dll
0x00007ffcfbde0000 - 0x00007ffcfbea2000 	C:\Windows\System32\KERNEL32.DLL
0x00007ffcfb4b0000 - 0x00007ffcfb7af000 	C:\Windows\System32\KERNELBASE.dll
0x00007ffcfb970000 - 0x00007ffcfba70000 	C:\Windows\System32\ucrtbase.dll
0x00007ffcf5fc0000 - 0x00007ffcf5fdb000 	C:\Program Files\Java\jdk-22\bin\VCRUNTIME140.dll
0x00007ffcf8740000 - 0x00007ffcf8757000 	C:\Program Files\Java\jdk-22\bin\jli.dll
0x00007ffcfbeb0000 - 0x00007ffcfbf5f000 	C:\Windows\System32\ADVAPI32.dll
0x00007ffcfda10000 - 0x00007ffcfdaae000 	C:\Windows\System32\msvcrt.dll
0x00007ffcfc430000 - 0x00007ffcfc4cf000 	C:\Windows\System32\sechost.dll
0x00007ffcfcd20000 - 0x00007ffcfce43000 	C:\Windows\System32\RPCRT4.dll
0x00007ffcfb480000 - 0x00007ffcfb4a7000 	C:\Windows\System32\bcrypt.dll
0x00007ffcfd870000 - 0x00007ffcfda0d000 	C:\Windows\System32\USER32.dll
0x00007ffcfbbd0000 - 0x00007ffcfbbf2000 	C:\Windows\System32\win32u.dll
0x00007ffcfd670000 - 0x00007ffcfd69b000 	C:\Windows\System32\GDI32.dll
0x00007ffcfb850000 - 0x00007ffcfb96a000 	C:\Windows\System32\gdi32full.dll
0x00007ffce5e60000 - 0x00007ffce60fa000 	C:\Windows\WinSxS\amd64_microsoft.windows.common-controls_6595b64144ccf1df_6.0.19041.4355_none_60b8b9eb71f62e16\COMCTL32.dll
0x00007ffcfb7b0000 - 0x00007ffcfb84d000 	C:\Windows\System32\msvcp_win.dll
0x00007ffceb660000 - 0x00007ffceb66a000 	C:\Windows\SYSTEM32\VERSION.dll
0x00007ffcfbf70000 - 0x00007ffcfbf9f000 	C:\Windows\System32\IMM32.DLL
0x00007ffcf8910000 - 0x00007ffcf891c000 	C:\Program Files\Java\jdk-22\bin\vcruntime140_1.dll
0x00007ffce07b0000 - 0x00007ffce083e000 	C:\Program Files\Java\jdk-22\bin\msvcp140.dll
0x00007ffcb88e0000 - 0x00007ffcb9627000 	C:\Program Files\Java\jdk-22\bin\server\jvm.dll
0x00007ffcfc660000 - 0x00007ffcfc6cb000 	C:\Windows\System32\WS2_32.dll
0x00007ffcfb190000 - 0x00007ffcfb1db000 	C:\Windows\SYSTEM32\POWRPROF.dll
0x00007ffce5db0000 - 0x00007ffce5dd7000 	C:\Windows\SYSTEM32\WINMM.dll
0x00007ffcfb170000 - 0x00007ffcfb182000 	C:\Windows\SYSTEM32\UMPDC.dll
0x00007ffcf9090000 - 0x00007ffcf90a2000 	C:\Windows\SYSTEM32\kernel.appcore.dll
0x00007ffcf87a0000 - 0x00007ffcf87aa000 	C:\Program Files\Java\jdk-22\bin\jimage.dll
0x00007ffcf4420000 - 0x00007ffcf4604000 	C:\Windows\SYSTEM32\DBGHELP.DLL
0x00007ffcf4240000 - 0x00007ffcf4274000 	C:\Windows\SYSTEM32\dbgcore.DLL
0x00007ffcfb330000 - 0x00007ffcfb3b2000 	C:\Windows\System32\bcryptPrimitives.dll
0x00007ffcf6410000 - 0x00007ffcf641f000 	C:\Program Files\Java\jdk-22\bin\instrument.dll
0x00007ffcf5f90000 - 0x00007ffcf5fae000 	C:\Program Files\Java\jdk-22\bin\java.dll
0x00007ffcfce50000 - 0x00007ffcfd5bd000 	C:\Windows\System32\SHELL32.dll
0x00007ffcfc6e0000 - 0x00007ffcfc80b000 	C:\Windows\System32\ole32.dll
0x00007ffcfc810000 - 0x00007ffcfcb65000 	C:\Windows\System32\combase.dll
0x00007ffcf9370000 - 0x00007ffcf9b14000 	C:\Windows\SYSTEM32\windows.storage.dll
0x00007ffcfabb0000 - 0x00007ffcfabdb000 	C:\Windows\SYSTEM32\Wldp.dll
0x00007ffcfbd10000 - 0x00007ffcfbddd000 	C:\Windows\System32\OLEAUT32.dll
0x00007ffcfd5c0000 - 0x00007ffcfd66d000 	C:\Windows\System32\SHCORE.dll
0x00007ffcfc4d0000 - 0x00007ffcfc525000 	C:\Windows\System32\shlwapi.dll
0x00007ffcfb260000 - 0x00007ffcfb285000 	C:\Windows\SYSTEM32\profapi.dll
0x00007ffcd5c80000 - 0x00007ffcd5d57000 	C:\Program Files\Java\jdk-22\bin\jsvml.dll
0x00007ffcf5c10000 - 0x00007ffcf5c27000 	C:\Program Files\Java\jdk-22\bin\zip.dll
0x00007ffcf6110000 - 0x00007ffcf6120000 	C:\Program Files\Java\jdk-22\bin\net.dll
0x00007ffcfa990000 - 0x00007ffcfa9fc000 	C:\Windows\system32\mswsock.dll
0x00007ffcf5f60000 - 0x00007ffcf5f76000 	C:\Program Files\Java\jdk-22\bin\nio.dll
0x00007ffcd2050000 - 0x00007ffcd206a000 	C:\Program Files\JetBrains\IntelliJ IDEA Community Edition 2024.1.2\bin\breakgen64.dll
0x00007ffcf5c40000 - 0x00007ffcf5c49000 	C:\Program Files\Java\jdk-22\bin\extnet.dll
0x00007ffcf5bd0000 - 0x00007ffcf5be0000 	C:\Program Files\Java\jdk-22\bin\verify.dll
0x00007ffcfabf0000 - 0x00007ffcfac08000 	C:\Windows\SYSTEM32\CRYPTSP.dll
0x00007ffcfa2d0000 - 0x00007ffcfa308000 	C:\Windows\system32\rsaenh.dll
0x00007ffcfb1e0000 - 0x00007ffcfb20e000 	C:\Windows\SYSTEM32\USERENV.dll
0x00007ffcfab20000 - 0x00007ffcfab2c000 	C:\Windows\SYSTEM32\CRYPTBASE.dll
0x00007ffcfa690000 - 0x00007ffcfa6cb000 	C:\Windows\SYSTEM32\IPHLPAPI.DLL
0x00007ffcfbf60000 - 0x00007ffcfbf68000 	C:\Windows\System32\NSI.dll
0x00007ffcfa6d0000 - 0x00007ffcfa79a000 	C:\Windows\SYSTEM32\DNSAPI.dll
0x00007ffcf1f40000 - 0x00007ffcf1f4a000 	C:\Windows\System32\rasadhlp.dll
0x00007ffcf22b0000 - 0x00007ffcf2330000 	C:\Windows\System32\fwpuclnt.dll
0x00007ffcf46b0000 - 0x00007ffcf46ba000 	C:\Program Files\Java\jdk-22\bin\management.dll
0x00007ffcf4680000 - 0x00007ffcf468b000 	C:\Program Files\Java\jdk-22\bin\management_ext.dll
0x00007ffcfc6d0000 - 0x00007ffcfc6d8000 	C:\Windows\System32\PSAPI.DLL
0x00007ffcf3470000 - 0x00007ffcf347e000 	C:\Program Files\Java\jdk-22\bin\sunmscapi.dll
0x00007ffcfba70000 - 0x00007ffcfbbcc000 	C:\Windows\System32\CRYPT32.dll
0x00007ffcfad00000 - 0x00007ffcfad27000 	C:\Windows\SYSTEM32\ncrypt.dll
0x00007ffcfacc0000 - 0x00007ffcfacfb000 	C:\Windows\SYSTEM32\NTASN1.dll
0x00007ffcef5e0000 - 0x00007ffcef5e7000 	C:\Windows\system32\wshunix.dll

dbghelp: loaded successfully - version: 4.0.5 - missing functions: none
symbol engine: initialized successfully - sym options: 0x614 - pdb path: .;C:\Program Files\Java\jdk-22\bin;C:\Windows\SYSTEM32;C:\Windows\WinSxS\amd64_microsoft.windows.common-controls_6595b64144ccf1df_6.0.19041.4355_none_60b8b9eb71f62e16;C:\Program Files\Java\jdk-22\bin\server;C:\Program Files\JetBrains\IntelliJ IDEA Community Edition 2024.1.2\bin

VM Arguments:
jvm_args: -ea -Didea.test.cyclic.buffer.size=1048576 -javaagent:C:\Program Files\JetBrains\IntelliJ IDEA Community Edition 2024.1.2\lib\idea_rt.jar=56510:C:\Program Files\JetBrains\IntelliJ IDEA Community Edition 2024.1.2\bin -Dfile.encoding=UTF-8 -Dsun.stdout.encoding=UTF-8 -Dsun.stderr.encoding=UTF-8 
java_command: com.intellij.rt.testng.RemoteTestNGStarter -usedefaultlisteners false -socket56509 @w@C:\Users\i9\AppData\Local\Temp\idea_working_dirs_testng.tmp -temp C:\Users\i9\AppData\Local\Temp\idea_testng.tmp
java_class_path (initial): C:\Program Files\JetBrains\IntelliJ IDEA Community Edition 2024.1.2\lib\idea_rt.jar;C:\Program Files\JetBrains\IntelliJ IDEA Community Edition 2024.1.2\plugins\testng\lib\testng-rt.jar;F:\SW_Testing\Automation_project_team2\target\test-classes;F:\SW_Testing\Automation_project_team2\target\classes;C:\Users\i9\.m2\repository\org\seleniumhq\selenium\selenium-java\4.28.0\selenium-java-4.28.0.jar;C:\Users\i9\.m2\repository\org\seleniumhq\selenium\selenium-api\4.28.0\selenium-api-4.28.0.jar;C:\Users\i9\.m2\repository\org\jspecify\jspecify\1.0.0\jspecify-1.0.0.jar;C:\Users\i9\.m2\repository\org\seleniumhq\selenium\selenium-chrome-driver\4.28.0\selenium-chrome-driver-4.28.0.jar;C:\Users\i9\.m2\repository\com\google\auto\service\auto-service-annotations\1.1.1\auto-service-annotations-1.1.1.jar;C:\Users\i9\.m2\repository\org\seleniumhq\selenium\selenium-chromium-driver\4.28.0\selenium-chromium-driver-4.28.0.jar;C:\Users\i9\.m2\repository\org\seleniumhq\selenium\selenium-json\4.28.0\selenium-json-4.28.0.jar;C:\Users\i9\.m2\repository\org\seleniumhq\selenium\selenium-manager\4.28.0\selenium-manager-4.28.0.jar;C:\Users\i9\.m2\repository\org\seleniumhq\selenium\selenium-devtools-v130\4.28.0\selenium-devtools-v130-4.28.0.jar;C:\Users\i9\.m2\repository\org\seleniumhq\selenium\selenium-devtools-v131\4.28.0\selenium-devtools-v131-4.28.0.jar;C:\Users\i9\.m2\repository\org\seleniumhq\selenium\selenium-devtools-v132\4.28.0\selenium-devtools-v132-4.28.0.jar;C:\Users\i9\.m2\repository\org\seleniumhq\selenium\selenium-devtools-v85\4.28.0\selenium-devtools-v85-4.28.0.jar;C:\Users\i9\.m2\repository\org\seleniumhq\selenium\selenium-edge-driver\4.28.0\selenium-edge-driver-4.28.0.jar;C:\Users\i9\.m2\repository\org\seleniumhq\selenium\selenium-firefox-driver\4.28.0\selenium-firefox-driver-4.28.0.jar;C:\Users\i9\.m2\repository\org\seleniumhq\selenium\selenium-http\4.28.0\selenium-http-4.28.0.jar;C:\Users\i9\.m2\repository\org\seleniumhq\selenium\selenium-ie-driver\4.28.0\selenium-ie-driver-4.28.0.jar;C:\Users\i9\.m2\repository\org\seleniumhq\selenium\selenium-remote-driver\4.28.0\selenium-remote-driver-4.28.0.jar;C:\Users\i9\.m2\repository\com\google\guava\guava\33.4.0-jre\guava-33.4.0-jre.jar;C:\Users\i9\.m2\repository\com\google\guava\failureaccess\1.0.2\failureaccess-1.0.2.jar;C:\Users\i9\.m2\repository\com\google\guava\listenablefuture\9999.0-empty-to-avoid-conflict-with-guava\listenablefuture-9999.0-empty-to-avoid-conflict-with-guava.jar;C:\Users\i9\.m2\repository\com\google\code\findbugs\jsr305\3.0.2\jsr305-3.0.2.jar;C:\Users\i9\.m2\repository\org\checkerframework\checker-qual\3.43.0\checker-qual-3.43.0.jar;C:\Users\i9\.m2\repository\com\google\errorprone\error_prone_annotations\2.36.0\error_prone_annotations-2.36.0.jar;C:\Users\i9\.m2\repository\com\google\j2objc\j2objc-annotations\3.0.0\j2objc-annotations-3.0.0.jar;C:\Users\i9\.m2\repository\io\opentelemetry\semconv\opentelemetry-semconv\1.28.0-alpha\opentelemetry-semconv-1.28.0-alpha.jar;C:\Users\i9\.m2\repository\io\opentelemetry\opentelemetry-api\1.46.0\opentelemetry-api-1.46.0.jar;C:\Users\i9\.m2\repository\io\opentelemetry\opentelemetry-context\1.46.0\opentelemetry-context-1.46.0.jar;C:\Users\i9\.m2\repository\io\opentelemetry\opentelemetry-exporter-logging\1.46.0\opentelemetry-exporter-logging-1.46.0.jar;C:\Users\i9\.m2\repository\io\opentelemetry\opentelemetry-sdk-common\1.46.0\opentelemetry-sdk-common-1.46.0.jar;C:\Users\i9\.m2\repository\io\opentelemetry\opentelemetry-sdk-extension-autoconfigure-spi\1.46.0\opentelemetry-sdk-extension-autoconfigure-spi-1.46.0.jar;C:\Users\i9\.m2\repository\io\opentelemetry\opentelemetry-sdk-extension-autoconfigure\1.46.0\opentelemetry-sdk-extension-autoconfigure-1.46.0.jar;C:\Users\i9\.m2\repository\io\opentelemetry\opentelemetry-api-incubator\1.46.0-alpha\opentelemetry-api-incubator-1.46.0-alpha.jar;C:\Users\i9\.m2\repository\io\opentelemetry\opentelemetry-sdk-trace\1.46.0\opentelemetry-sdk-trace-1.46.0.jar;C:\Users\i9\.m2\repository\io\opentelemetry\opentelemetry-sdk\1.46.0\opentelemetry-sdk-1.46.0.jar;C:\Users\i9\.m2\repository\io\opentelemetry\opentelemetry-sdk-metrics\1.46.0\opentelemetry-sdk-metrics-1.46.0.jar;C:\Users\i9\.m2\repository\io\opentelemetry\opentelemetry-sdk-logs\1.46.0\opentelemetry-sdk-logs-1.46.0.jar;C:\Users\i9\.m2\repository\net\bytebuddy\byte-buddy\1.15.11\byte-buddy-1.15.11.jar;C:\Users\i9\.m2\repository\org\seleniumhq\selenium\selenium-os\4.28.0\selenium-os-4.28.0.jar;C:\Users\i9\.m2\repository\org\apache\commons\commons-exec\1.4.0\commons-exec-1.4.0.jar;C:\Users\i9\.m2\repository\org\seleniumhq\selenium\selenium-safari-driver\4.28.0\selenium-safari-driver-4.28.0.jar;C:\Users\i9\.m2\repository\org\seleniumhq\selenium\selenium-support\4.28.0\selenium-support-4.28.0.jar;C:\Users\i9\.m2\repository\org\testng\testng\7.10.2\testng-7.10.2.jar;C:\Users\i9\.m2\repository\org\slf4j\slf4j-api\1.7.36\slf4j-api-1.7.36.jar;C:\Users\i9\.m2\repository\com\beust\jcommander\1.82\jcommander-1.82.jar;C:\Users\i9\.m2\repository\org\webjars\jquery\3.7.1\jquery-3.7.1.jar
Launcher Type: SUN_STANDARD

[Global flags]
     intx CICompilerCount                          = 3                                         {product} {ergonomic}
     uint ConcGCThreads                            = 1                                         {product} {ergonomic}
     uint G1ConcRefinementThreads                  = 4                                         {product} {ergonomic}
   size_t G1HeapRegionSize                         = 1048576                                   {product} {ergonomic}
   size_t InitialHeapSize                          = 67108864                                  {product} {ergonomic}
   size_t MarkStackSize                            = 4194304                                   {product} {ergonomic}
   size_t MaxHeapSize                              = 1048576000                                {product} {ergonomic}
   size_t MaxNewSize                               = 629145600                                 {product} {ergonomic}
   size_t MinHeapDeltaBytes                        = 1048576                                   {product} {ergonomic}
   size_t MinHeapSize                              = 8388608                                   {product} {ergonomic}
    uintx NonNMethodCodeHeapSize                   = 5832780                                {pd product} {ergonomic}
    uintx NonProfiledCodeHeapSize                  = 122912730                              {pd product} {ergonomic}
    uintx ProfiledCodeHeapSize                     = 122912730                              {pd product} {ergonomic}
    uintx ReservedCodeCacheSize                    = 251658240                              {pd product} {ergonomic}
     bool SegmentedCodeCache                       = true                                      {product} {ergonomic}
   size_t SoftMaxHeapSize                          = 1048576000                             {manageable} {ergonomic}
     bool UseCompressedOops                        = true                           {product lp64_product} {ergonomic}
     bool UseG1GC                                  = true                                      {product} {ergonomic}
     bool UseLargePagesIndividualAllocation        = false                                  {pd product} {ergonomic}

Logging:
Log output configuration:
 #0: stdout all=warning uptime,level,tags foldmultilines=false
 #1: stderr all=off uptime,level,tags foldmultilines=false

Environment Variables:
JAVA_HOME=C:\Program Files\Java\jdk-22
PATH=C:\Program Files\Common Files\Oracle\Java\javapath;C:\Windows\system32;C:\Windows;C:\Windows\System32\Wbem;C:\Windows\System32\WindowsPowerShell\v1.0\;C:\Windows\System32\OpenSSH\;C:\Program Files\CodeBlocks\MinGW\bin;C:\Program Files\Microchip\xc8\v2.41\bin;C;C:\Program Files\Git\cmd;C:\Program Files\Java\jdk-22\bin;C:\Program Files (x86)\Microsoft SQL Server\160\Tools\Binn\;C:\Program Files\Microsoft SQL Server\160\Tools\Binn\;C:\Program Files\Microsoft SQL Server\Client SDK\ODBC\170\Tools\Binn\;C:\Program Files\Microsoft SQL Server\160\DTS\Binn\;C:\Program Files (x86)\Microsoft SQL Server\160\DTS\Binn\;C:\Program Files\k6\;C:\Users\i9\AppData\Local\Programs\Python\Python312\Scripts\;C:\Users\i9\AppData\Local\Programs\Python\Python312\;C:\Users\i9\AppData\Local\Microsoft\WindowsApps;C:\Program Files\JetBrains\IntelliJ IDEA 2024.1.2\bin;;C:\Program Files\JetBrains\IntelliJ IDEA Community Edition 2024.1.2\bin;;C:\Users\i9\AppData\Local\GitHubDesktop\bin;C:\Users\i9\AppData\Local\Programs\Microsoft VS Code\bin
USERNAME=i9
OS=Windows_NT
PROCESSOR_IDENTIFIER=Intel64 Family 6 Model 58 Stepping 9, GenuineIntel
TMP=C:\Users\i9\AppData\Local\Temp
TEMP=C:\Users\i9\AppData\Local\Temp




Periodic native trim disabled

---------------  S Y S T E M  ---------------

OS:
 Windows 10 , 64 bit Build 19041 (10.0.19041.5438)
OS uptime: 23 days 7:32 hours
Hyper-V role detected

CPU: total 4 (initial active 4) (2 cores per cpu, 2 threads per core) family 6 model 58 stepping 9 microcode 0x21, cx8, cmov, fxsr, ht, mmx, sse, sse2, sse3, ssse3, sse4.1, sse4.2, popcnt, tsc, tscinvbit, avx, aes, erms, clmul, vzeroupper, clflush, hv, rdtscp, f16c
Processor Information for all 4 processors :
  Max Mhz: 2601, Current Mhz: 2601, Mhz Limit: 2601

Memory: 4k page, system-wide physical 3995M (100M free)
TotalPageFile size 16283M (AvailPageFile size 2M)
current process WorkingSet (physical memory assigned to process): 97M, peak: 110M
current process commit charge ("private bytes"): 166M, peak: 179M

vm_info: Java HotSpot(TM) 64-Bit Server VM (22.0.1+8-16) for windows-amd64 JRE (22.0.1+8-16), built on 2024-03-12T10:33:16Z by "mach5one" with MS VC++ 17.6 (VS2022)

END.
